2025-09-06T19:59:36.688774: 19:59  up 13 days, 20:51, 2 users, load averages: 2.58 3.87 4.76
2025-09-06T20:00:25.014688: 20:00  up 13 days, 20:52, 2 users, load averages: 3.18 3.82 4.69
2025-09-06T20:33:16.020262: 20:33  up 13 days, 21:25, 2 users, load averages: 2.77 2.41 3.02
2025-09-07T11:44:04.998813: 11:44  up 1 day, 23:20, 2 users, load averages: 1.51 1.56 1.48
2025-09-07T11:45:12.691432: 11:45  up 1 day, 23:21, 2 users, load averages: 1.51 1.54 1.47
2025-09-07T12:03:40.390591: 12:03  up 1 day, 23:40, 2 users, load averages: 1.19 1.45 1.47
2025-09-07T12:55:13.064285: 12:55  up 2 mins, 2 users, load averages: 7.98 5.51 2.37
2025-09-07T13:00:14.735585: 13:00  up 7 mins, 2 users, load averages: 1.36 2.91 2.07
2025-09-07T13:05:16.345639: 13:05  up 12 mins, 2 users, load averages: 1.76 2.14 1.94
2025-09-07T13:20:40.455532: 13:20  up 28 mins, 2 users, load averages: 2.84 2.06 1.92
2025-09-07T13:25:41.956413: 13:25  up 33 mins, 3 users, load averages: 2.01 2.07 1.97
2025-09-07T13:30:43.653429: 13:30  up 38 mins, 3 users, load averages: 1.90 1.83 1.86
2025-09-07T13:35:45.286208: 13:35  up 43 mins, 3 users, load averages: 1.71 1.83 1.84
2025-09-07T13:40:46.936499: 13:40  up 48 mins, 3 users, load averages: 1.87 1.82 1.83
2025-09-07T13:45:48.592315: 13:45  up 53 mins, 3 users, load averages: 1.85 1.82 1.82
2025-09-07T13:50:50.356009: 13:50  up 58 mins, 3 users, load averages: 1.93 1.84 1.82
2025-09-07T13:55:52.011002: 13:55  up  1:03, 3 users, load averages: 1.87 1.80 1.79
2025-09-07T14:00:53.619166: 14:00  up  1:08, 3 users, load averages: 1.84 1.78 1.77
2025-09-07T14:05:55.259212: 14:05  up  1:13, 3 users, load averages: 1.91 1.83 1.78
2025-09-07T14:10:56.935630: 14:10  up  1:18, 3 users, load averages: 1.86 1.81 1.77
2025-09-07T14:15:58.587134: 14:15  up  1:23, 3 users, load averages: 1.79 1.83 1.78
2025-09-07T14:21:00.278320: 14:21  up  1:28, 3 users, load averages: 1.99 1.87 1.79
2025-09-07T14:26:01.917829: 14:26  up  1:33, 3 users, load averages: 1.77 1.77 1.76
2025-09-07T14:31:03.521831: 14:31  up  1:38, 3 users, load averages: 1.81 1.78 1.75
2025-09-07T14:36:05.289500: 14:36  up  1:43, 3 users, load averages: 1.83 1.77 1.75
2025-09-07T14:41:06.949260: 14:41  up  1:48, 3 users, load averages: 1.85 1.75 1.74
2025-09-07T14:46:08.628238: 14:46  up  1:53, 3 users, load averages: 2.10 1.87 1.78
2025-09-07T14:51:10.322218: 14:51  up  1:58, 3 users, load averages: 1.92 1.83 1.77
2025-09-07T14:56:11.941162: 14:56  up  2:03, 3 users, load averages: 2.02 1.87 1.79
2025-09-07T15:01:13.613152: 15:01  up  2:08, 3 users, load averages: 1.84 1.87 1.81
2025-09-07T15:06:15.297934: 15:06  up  2:13, 3 users, load averages: 1.70 1.79 1.78
2025-09-07T15:11:16.959691: 15:11  up  2:18, 3 users, load averages: 1.77 1.77 1.76
2025-09-07T15:16:18.634036: 15:16  up  2:23, 3 users, load averages: 1.67 1.78 1.76
2025-09-07T15:21:20.362767: 15:21  up  2:28, 3 users, load averages: 1.93 1.86 1.79
2025-09-07T15:26:22.022929: 15:26  up  2:33, 3 users, load averages: 1.93 1.90 1.83
2025-09-07T15:31:23.633229: 15:31  up  2:38, 3 users, load averages: 1.88 1.96 1.89
2025-09-07T15:36:25.255044: 15:36  up  2:43, 3 users, load averages: 1.63 1.79 1.82
2025-09-07T15:41:26.826567: 15:41  up  2:48, 3 users, load averages: 1.73 1.79 1.81
2025-09-07T15:46:28.443194: 15:46  up  2:53, 3 users, load averages: 1.96 1.90 1.84
2025-09-07T15:51:30.136074: 15:51  up  2:58, 3 users, load averages: 1.67 1.79 1.81
2025-09-07T15:56:31.780623: 15:56  up  3:03, 3 users, load averages: 1.69 1.76 1.79
2025-09-07T16:01:33.516014: 16:01  up  3:08, 3 users, load averages: 1.96 1.89 1.83
2025-09-07T16:06:35.180744: 16:06  up  3:13, 3 users, load averages: 1.96 1.87 1.83
2025-09-07T16:11:36.858642: 16:11  up  3:18, 3 users, load averages: 1.82 1.82 1.82
2025-09-07T16:16:38.536933: 16:16  up  3:23, 3 users, load averages: 1.89 1.82 1.81
2025-09-07T16:21:40.239489: 16:21  up  3:29, 3 users, load averages: 1.65 1.73 1.76
2025-09-07T16:26:41.893561: 16:26  up  3:34, 3 users, load averages: 2.01 1.82 1.77
2025-09-07T16:31:43.559684: 16:31  up  3:39, 3 users, load averages: 1.83 1.89 1.83
2025-09-07T16:36:45.219507: 16:36  up  3:44, 3 users, load averages: 2.72 2.15 1.93
2025-09-07T16:41:46.905526: 16:41  up  3:49, 3 users, load averages: 1.86 1.90 1.86
2025-09-07T16:46:48.641158: 16:46  up  3:54, 3 users, load averages: 1.77 1.81 1.82
2025-09-07T16:51:50.356116: 16:51  up  3:59, 3 users, load averages: 1.83 1.80 1.81
2025-09-07T16:56:51.965462: 16:56  up  4:04, 3 users, load averages: 1.86 1.82 1.81
2025-09-07T17:01:53.529081: 17:01  up  4:09, 3 users, load averages: 1.85 1.86 1.83
2025-09-07T17:06:55.291285: 17:06  up  4:14, 3 users, load averages: 1.87 1.83 1.82
2025-09-07T17:11:56.976333: 17:11  up  4:19, 3 users, load averages: 1.91 1.75 1.76
2025-09-07T17:16:58.599364: 17:16  up  4:24, 3 users, load averages: 1.67 1.77 1.76
2025-09-07T17:22:00.304627: 17:22  up  4:29, 3 users, load averages: 1.90 1.81 1.76
2025-09-07T17:27:01.981874: 17:27  up  4:34, 3 users, load averages: 1.92 1.87 1.79
2025-09-07T17:32:03.618078: 17:32  up  4:39, 3 users, load averages: 1.92 1.84 1.79
2025-09-07T17:37:05.282583: 17:37  up  4:44, 3 users, load averages: 1.84 1.79 1.76
2025-09-07T17:42:06.916399: 17:42  up  4:49, 3 users, load averages: 1.89 1.98 1.85
2025-09-07T17:47:08.562274: 17:47  up  4:54, 3 users, load averages: 1.84 1.94 1.86
2025-09-07T17:52:10.324513: 17:52  up  4:59, 3 users, load averages: 1.95 1.95 1.88
2025-09-07T17:57:12.013938: 17:57  up  5:04, 3 users, load averages: 1.73 1.83 1.84
2025-09-07T18:02:13.702484: 18:02  up  5:09, 3 users, load averages: 1.82 1.81 1.82
2025-09-07T18:07:15.394687: 18:07  up  5:14, 3 users, load averages: 1.54 1.69 1.76
2025-09-07T18:12:17.146500: 18:12  up  5:19, 3 users, load averages: 1.91 1.82 1.79
2025-09-07T18:17:18.747337: 18:17  up  5:24, 3 users, load averages: 1.92 1.83 1.79
2025-09-07T18:22:20.393032: 18:22  up  5:29, 3 users, load averages: 2.14 1.86 1.79
2025-09-07T18:27:22.006726: 18:27  up  5:34, 3 users, load averages: 1.89 1.90 1.82
2025-09-07T18:32:23.664440: 18:32  up  5:39, 3 users, load averages: 1.90 1.88 1.83
2025-09-07T18:37:25.379819: 18:37  up  5:44, 3 users, load averages: 1.87 1.86 1.83
2025-09-07T18:42:26.994924: 18:42  up  5:49, 3 users, load averages: 1.59 1.72 1.78
2025-09-07T18:47:28.686807: 18:47  up  5:54, 3 users, load averages: 1.95 1.83 1.80
2025-09-07T18:52:30.387716: 18:52  up  5:59, 3 users, load averages: 1.74 1.78 1.78
2025-09-07T18:57:32.085634: 18:57  up  6:04, 3 users, load averages: 1.93 1.84 1.79
2025-09-07T19:02:33.712602: 19:02  up  6:09, 3 users, load averages: 2.16 2.02 1.88
2025-09-07T19:07:35.375868: 19:07  up  6:14, 3 users, load averages: 1.88 1.92 1.86
2025-09-07T19:12:37.080046: 19:12  up  6:19, 3 users, load averages: 2.20 1.95 1.87
2025-09-07T19:17:38.766910: 19:17  up  6:24, 3 users, load averages: 1.58 1.77 1.81
2025-09-07T19:22:40.434111: 19:22  up  6:30, 3 users, load averages: 2.01 1.85 1.82
2025-09-07T19:27:42.071211: 19:27  up  6:35, 3 users, load averages: 1.93 1.94 1.86
2025-09-07T19:32:43.751580: 19:32  up  6:40, 3 users, load averages: 1.76 1.78 1.81
2025-09-07T19:37:45.440503: 19:37  up  6:45, 3 users, load averages: 1.88 1.87 1.83
2025-09-07T19:42:47.106030: 19:42  up  6:50, 3 users, load averages: 2.00 1.87 1.84
2025-09-07T19:47:48.747737: 19:47  up  6:55, 3 users, load averages: 1.66 1.80 1.82
2025-09-07T19:52:50.369986: 19:52  up 7 hrs, 3 users, load averages: 1.61 1.78 1.80
2025-09-07T19:57:52.112245: 19:57  up  7:05, 3 users, load averages: 2.04 1.94 1.87
2025-09-07T20:02:53.711609: 20:02  up  7:10, 3 users, load averages: 1.90 1.89 1.84
2025-09-07T20:07:55.409135: 20:07  up  7:15, 3 users, load averages: 2.08 1.91 1.85
2025-09-07T20:12:57.104737: 20:12  up  7:20, 3 users, load averages: 1.84 1.83 1.82
2025-09-07T20:17:58.758829: 20:17  up  7:25, 3 users, load averages: 1.97 1.96 1.88
2025-09-07T20:23:00.410569: 20:23  up  7:30, 3 users, load averages: 1.95 1.90 1.87
2025-09-07T20:28:02.007669: 20:28  up  7:35, 3 users, load averages: 1.78 1.88 1.86
2025-09-07T20:33:03.646943: 20:33  up  7:40, 3 users, load averages: 1.91 1.90 1.86
2025-09-07T20:38:05.359170: 20:38  up  7:45, 3 users, load averages: 1.87 1.86 1.83
2025-09-07T20:43:07.029903: 20:43  up  7:50, 3 users, load averages: 1.94 1.90 1.85
2025-09-07T20:48:08.747034: 20:48  up  7:55, 3 users, load averages: 2.00 1.90 1.85
2025-09-07T20:53:10.404954: 20:53  up 8 hrs, 3 users, load averages: 1.78 1.83 1.82
2025-09-07T20:58:12.028108: 20:58  up  8:05, 3 users, load averages: 1.88 1.81 1.80
2025-09-07T21:03:13.685366: 21:03  up  8:10, 3 users, load averages: 1.76 1.84 1.82
2025-09-07T21:08:15.271928: 21:08  up  8:15, 3 users, load averages: 1.68 1.73 1.78
2025-09-07T21:13:16.911672: 21:13  up  8:20, 3 users, load averages: 1.65 1.75 1.77
2025-09-07T21:18:18.560996: 21:18  up  8:25, 3 users, load averages: 1.69 1.70 1.73
2025-09-07T21:23:20.194350: 21:23  up  8:30, 3 users, load averages: 1.58 1.67 1.71
2025-09-07T21:28:21.877671: 21:28  up  8:35, 3 users, load averages: 1.71 1.70 1.71
2025-09-07T21:33:23.513941: 21:33  up  8:40, 3 users, load averages: 1.98 1.86 1.77
2025-09-07T21:38:25.141748: 21:38  up  8:45, 3 users, load averages: 1.79 1.84 1.79
2025-09-07T21:43:26.773293: 21:43  up  8:50, 3 users, load averages: 1.94 1.85 1.79
2025-09-07T21:48:30.562124: 21:48  up  8:55, 3 users, load averages: 1.38 1.57 1.68
2025-09-07T21:53:32.184093: 21:53  up 9 hrs, 3 users, load averages: 1.12 1.36 1.55
2025-09-07T21:58:33.871297: 21:58  up  9:05, 3 users, load averages: 1.07 1.20 1.41
2025-09-07T22:03:35.518976: 22:03  up  9:10, 3 users, load averages: 1.28 1.18 1.33
2025-09-07T22:08:37.142220: 22:08  up  9:15, 3 users, load averages: 1.21 1.22 1.30
2025-09-07T22:13:38.814264: 22:13  up  9:20, 3 users, load averages: 1.07 1.14 1.24
2025-09-07T22:18:40.373515: 22:18  up  9:25, 3 users, load averages: 1.16 1.18 1.23
2025-09-07T22:23:41.979527: 22:23  up  9:30, 3 users, load averages: 1.17 1.16 1.19
2025-09-07T22:28:43.606337: 22:28  up  9:36, 3 users, load averages: 1.16 1.18 1.18
2025-09-07T22:33:45.257526: 22:33  up  9:41, 3 users, load averages: 1.13 1.20 1.18
2025-09-07T22:38:46.841515: 22:38  up  9:46, 3 users, load averages: 1.19 1.20 1.17
2025-09-07T22:43:48.514936: 22:43  up  9:51, 3 users, load averages: 1.20 1.20 1.17
2025-09-07T22:48:50.040850: 22:48  up  9:56, 3 users, load averages: 1.08 1.14 1.15
2025-09-07T22:53:51.691777: 22:53  up 10:01, 3 users, load averages: 1.20 1.24 1.19
2025-09-07T22:58:53.359916: 22:58  up 10:06, 3 users, load averages: 1.06 1.19 1.18
2025-09-07T23:03:54.958444: 23:03  up 10:11, 3 users, load averages: 1.26 1.21 1.18
2025-09-07T23:08:56.507760: 23:08  up 10:16, 3 users, load averages: 1.27 1.28 1.21
2025-09-07T23:13:58.048393: 23:13  up 10:21, 3 users, load averages: 1.25 1.32 1.25
2025-09-07T23:18:59.643004: 23:18  up 10:26, 3 users, load averages: 1.15 1.23 1.23
2025-09-07T23:24:01.301682: 23:24  up 10:31, 3 users, load averages: 1.09 1.17 1.20
2025-09-07T23:29:02.954980: 23:29  up 10:36, 3 users, load averages: 1.25 1.19 1.18
2025-09-07T23:34:04.661910: 23:34  up 10:41, 3 users, load averages: 1.16 1.14 1.16
2025-09-07T23:39:06.265396: 23:39  up 10:46, 3 users, load averages: 1.13 1.14 1.15
2025-09-07T23:44:07.960222: 23:44  up 10:51, 3 users, load averages: 1.10 1.11 1.13
2025-09-07T23:49:09.657985: 23:49  up 10:56, 3 users, load averages: 1.44 1.21 1.15
2025-09-07T23:54:11.272486: 23:54  up 11:01, 3 users, load averages: 1.07 1.15 1.13
2025-09-07T23:59:12.963233: 23:59  up 11:06, 3 users, load averages: 1.24 1.21 1.16
2025-09-08T00:04:14.521790: 0:04  up 11:11, 3 users, load averages: 1.04 1.13 1.14
2025-09-08T00:09:16.130154: 0:09  up 11:16, 3 users, load averages: 1.27 1.16 1.14
2025-09-08T00:14:17.771839: 0:14  up 11:21, 3 users, load averages: 1.03 1.08 1.10
2025-09-08T00:19:19.330094: 0:19  up 11:26, 3 users, load averages: 1.20 1.11 1.09
2025-09-08T00:24:20.897682: 0:24  up 11:31, 3 users, load averages: 0.94 1.06 1.07
2025-09-08T00:29:22.551576: 0:29  up 11:36, 3 users, load averages: 1.21 1.15 1.10
2025-09-08T00:34:24.152615: 0:34  up 11:41, 3 users, load averages: 1.08 1.17 1.11
2025-09-08T00:39:25.823980: 0:39  up 11:46, 3 users, load averages: 1.25 1.25 1.17
2025-09-08T00:44:27.492501: 0:44  up 11:51, 3 users, load averages: 1.23 1.25 1.18
2025-09-08T00:49:29.183897: 0:49  up 11:56, 3 users, load averages: 1.10 1.20 1.17
2025-09-08T00:54:30.802264: 0:54  up 12:01, 3 users, load averages: 1.15 1.16 1.15
2025-09-08T00:59:32.464282: 0:59  up 12:06, 3 users, load averages: 1.12 1.10 1.12
2025-09-08T01:04:34.113515: 1:04  up 12:11, 3 users, load averages: 1.13 1.13 1.12
2025-09-08T01:09:35.770357: 1:09  up 12:16, 3 users, load averages: 1.20 1.16 1.13
2025-09-08T01:14:37.391679: 1:14  up 12:21, 3 users, load averages: 1.05 1.10 1.10
2025-09-08T01:19:39.066904: 1:19  up 12:26, 3 users, load averages: 0.97 1.07 1.08
2025-09-08T01:24:40.706380: 1:24  up 12:31, 3 users, load averages: 1.10 1.12 1.09
